INFO 2025-12-31 18:20:49,236 autoreload 4588 5304 Watching for file changes with StatReloader
INFO 2025-12-31 18:21:03,657 views 4588 5304 Election can be created by superuser or admin only.
INFO 2025-12-31 18:21:03,658 views 4588 5304 Update attempts by Admin user
INFO 2025-12-31 18:21:28,453 autoreload 4588 5304 C:\Users\HP\Desktop\DjangoApp\matdan\voting\urls.py changed, reloading.
INFO 2025-12-31 18:21:29,311 autoreload 13296 15908 Watching for file changes with StatReloader
INFO 2025-12-31 18:21:30,346 views 13296 15908 Election can be created by superuser or admin only.
INFO 2025-12-31 18:21:30,347 views 13296 15908 Update attempts by Admin user
INFO 2025-12-31 18:21:39,893 autoreload 13296 15908 C:\Users\HP\Desktop\DjangoApp\matdan\voting\urls.py changed, reloading.
INFO 2025-12-31 18:21:40,764 autoreload 12820 16148 Watching for file changes with StatReloader
INFO 2025-12-31 18:21:41,487 views 12820 16148 Election can be created by superuser or admin only.
INFO 2025-12-31 18:21:41,488 views 12820 16148 Update attempts by Admin user
WARNING 2025-12-31 18:22:25,360 log 12820 13300 "GET / HTTP/1.1" 404 16546
INFO 2025-12-31 18:22:25,404 log 12820 13300 "GET /static/debug_toolbar/css/toolbar.css HTTP/1.1" 304 0
INFO 2025-12-31 18:22:25,404 log 12820 15920 "GET /static/debug_toolbar/js/toolbar.js HTTP/1.1" 304 0
INFO 2025-12-31 18:22:25,593 log 12820 15920 "GET /static/debug_toolbar/css/print.css HTTP/1.1" 304 0
INFO 2025-12-31 18:22:25,631 log 12820 15920 "GET /static/debug_toolbar/js/utils.js HTTP/1.1" 304 0
WARNING 2025-12-31 18:22:25,912 log 12820 15920 "GET /favicon.ico HTTP/1.1" 404 16608
INFO 2025-12-31 18:22:38,092 log 12820 15920 "GET /api/v1/elections/ HTTP/1.1" 200 32361
INFO 2025-12-31 18:22:38,143 log 12820 15920 "GET /static/rest_framework/css/bootstrap.min.css HTTP/1.1" 200 121457
INFO 2025-12-31 18:22:38,149 log 12820 516 "GET /static/rest_framework/css/bootstrap-tweaks.css HTTP/1.1" 200 3426
INFO 2025-12-31 18:22:38,155 log 12820 11208 "GET /static/rest_framework/css/default.css HTTP/1.1" 200 1152
INFO 2025-12-31 18:22:38,158 log 12820 12096 "GET /static/rest_framework/css/prettify.css HTTP/1.1" 200 817
INFO 2025-12-31 18:22:38,193 log 12820 3980 "GET /static/rest_framework/js/ajax-form.js HTTP/1.1" 200 3796
INFO 2025-12-31 18:22:38,206 log 12820 12096 "GET /static/rest_framework/js/default.js HTTP/1.1" 200 1268
INFO 2025-12-31 18:22:38,211 log 12820 15920 "GET /static/rest_framework/js/csrf.js HTTP/1.1" 200 1793
INFO 2025-12-31 18:22:38,213 log 12820 12096 "GET /static/rest_framework/img/grid.png HTTP/1.1" 200 1458
INFO 2025-12-31 18:22:38,219 log 12820 11208 "GET /static/rest_framework/js/prettify-min.js HTTP/1.1" 200 13632
INFO 2025-12-31 18:22:38,227 log 12820 3980 "GET /static/rest_framework/js/load-ajax-form.js HTTP/1.1" 200 59
INFO 2025-12-31 18:22:38,237 log 12820 516 "GET /static/rest_framework/js/bootstrap.min.js HTTP/1.1" 200 39680
INFO 2025-12-31 18:22:38,257 log 12820 3980 "GET /static/rest_framework/fonts/glyphicons-halflings-regular.woff2 HTTP/1.1" 200 18028
INFO 2025-12-31 18:22:38,324 log 12820 13724 "GET /static/rest_framework/js/jquery-3.7.1.min.js HTTP/1.1" 200 87533
DEBUG 2025-12-31 18:24:24,488 views 12820 13724 Incoming data: <QueryDict: {'csrfmiddlewaretoken': ['EIDOUc94aUGWW6JziNF2uMemuqi8fSTPg3CyAO9AlXDTe2pPoIbdpk3Ucm85iBzF'], 'title': ['IIMS Student Union President Election'], 'start_time': ['2026-01-01T11:00'], 'end_time': ['2026-01-02T11:00'], 'is_active': ['true']}>
DEBUG 2025-12-31 18:24:24,491 serializers 12820 13724 Validating election: Start_time:2026-01-01 11:00:00+00:00, End_time:2026-01-02 11:00:00+00:00, instance = None
INFO 2025-12-31 18:24:24,492 serializers 12820 13724 Searching for active elections
WARNING 2025-12-31 18:24:24,522 serializers 12820 13724 Another election is already active
WARNING 2025-12-31 18:24:24,651 log 12820 13724 "POST /api/v1/elections/ HTTP/1.1" 400 28864
INFO 2025-12-31 18:25:22,020 log 12820 14852 "GET /api/v1/elections/ HTTP/1.1" 200 32360
INFO 2025-12-31 18:25:40,845 log 12820 13036 "GET /api/v1/elections/66a738b2-e515-4791-a448-fdf7d5945344/update HTTP/1.1" 200 29858
DEBUG 2025-12-31 18:25:48,969 views 12820 13036 Incoming data: <QueryDict: {'title': ['Nepal Pratinidi Sabha Nirwachan'], 'start_time': ['2025-12-27T01:29'], 'end_time': ['2025-12-31T01:29']}>
DEBUG 2025-12-31 18:25:48,980 serializers 12820 13036 Validating election: Start_time:2025-12-27 01:29:00+00:00, End_time:2025-12-31 01:29:00+00:00, instance = Nepal Pratinidi Sabha Nirwachan
INFO 2025-12-31 18:25:48,980 serializers 12820 13036 Sucessfully created election: Nepal Pratinidi Sabha Nirwachan, passes serializer validation criteria.
INFO 2025-12-31 18:25:48,981 serializers 12820 13036 Election updated by admin:Nepal Pratinidi Sabha Nirwachan
INFO 2025-12-31 18:25:49,099 log 12820 13036 "PUT /api/v1/elections/66a738b2-e515-4791-a448-fdf7d5945344/update HTTP/1.1" 200 29853
INFO 2025-12-31 18:25:49,330 log 12820 13036 "GET /__debug__/history_sidebar/?request_id=d51c3d09a8e64eaeadf99fe3cf9d920a HTTP/1.1" 200 10239
DEBUG 2025-12-31 18:26:02,552 views 12820 13036 Incoming data: <QueryDict: {'csrfmiddlewaretoken': ['eq21xvQRh64S80zjHObMPcVQoyFCTfADQL1Ld7Qns91PqWfzNJHXKKKo6uvzWYgt'], 'title': ['IIMS Student Union President Election'], 'start_time': ['2026-01-01T11:00'], 'end_time': ['2026-01-02T11:00'], 'is_active': ['true']}>
DEBUG 2025-12-31 18:26:02,554 serializers 12820 13036 Validating election: Start_time:2026-01-01 11:00:00+00:00, End_time:2026-01-02 11:00:00+00:00, instance = None
INFO 2025-12-31 18:26:02,555 serializers 12820 13036 Searching for active elections
INFO 2025-12-31 18:26:02,562 serializers 12820 13036 Sucessfully created election: IIMS Student Union President Election, passes serializer validation criteria.
INFO 2025-12-31 18:26:02,692 log 12820 13036 "POST /api/v1/elections/ HTTP/1.1" 201 29023
INFO 2025-12-31 18:26:26,610 views 12820 13036 Elections data retrived sucessfully.
INFO 2025-12-31 18:26:26,634 views 12820 13036 Elections data retrived sucessfully.
INFO 2025-12-31 18:26:26,710 log 12820 13036 "GET /api/v1/elections/c2a7b537-b92d-41cc-a4a1-cebc6781a8e0/candidates HTTP/1.1" 200 29012
DEBUG 2025-12-31 18:27:04,260 serializers 12820 13036 Validating candidate: name = Gaurav Karki, election = None, instance = None
WARNING 2025-12-31 18:27:04,270 serializers 12820 13036 Candidate with name: 'Gaurav Karki' already exists in the election: 'None'
WARNING 2025-12-31 18:27:04,355 log 12820 13036 "POST /api/v1/elections/c2a7b537-b92d-41cc-a4a1-cebc6781a8e0/candidates HTTP/1.1" 400 29027
DEBUG 2025-12-31 18:27:18,766 serializers 12820 13036 Validating candidate: name = cosmos1, election = None, instance = None
INFO 2025-12-31 18:27:18,775 serializers 12820 13036 Candidate 'cosmos1' passed validation for election 'None'.
DEBUG 2025-12-31 18:27:18,776 views 12820 13036 DEBUG: self.kwargs content:{'election_id': UUID('c2a7b537-b92d-41cc-a4a1-cebc6781a8e0')}
INFO 2025-12-31 18:27:18,785 views 12820 13036 DEBUG: election_id from the url: 'IIMS Student Union President Election'
INFO 2025-12-31 18:27:18,887 log 12820 13036 "POST /api/v1/elections/c2a7b537-b92d-41cc-a4a1-cebc6781a8e0/candidates HTTP/1.1" 201 29181
DEBUG 2025-12-31 18:27:25,011 serializers 12820 13036 Validating candidate: name = cosmos2, election = None, instance = None
INFO 2025-12-31 18:27:25,020 serializers 12820 13036 Candidate 'cosmos2' passed validation for election 'None'.
DEBUG 2025-12-31 18:27:25,021 views 12820 13036 DEBUG: self.kwargs content:{'election_id': UUID('c2a7b537-b92d-41cc-a4a1-cebc6781a8e0')}
INFO 2025-12-31 18:27:25,030 views 12820 13036 DEBUG: election_id from the url: 'IIMS Student Union President Election'
INFO 2025-12-31 18:27:25,128 log 12820 13036 "POST /api/v1/elections/c2a7b537-b92d-41cc-a4a1-cebc6781a8e0/candidates HTTP/1.1" 201 29181
DEBUG 2025-12-31 18:27:32,301 serializers 12820 13036 Validating candidate: name = cosmos3, election = None, instance = None
INFO 2025-12-31 18:27:32,309 serializers 12820 13036 Candidate 'cosmos3' passed validation for election 'None'.
DEBUG 2025-12-31 18:27:32,310 views 12820 13036 DEBUG: self.kwargs content:{'election_id': UUID('c2a7b537-b92d-41cc-a4a1-cebc6781a8e0')}
INFO 2025-12-31 18:27:32,319 views 12820 13036 DEBUG: election_id from the url: 'IIMS Student Union President Election'
INFO 2025-12-31 18:27:32,414 log 12820 13036 "POST /api/v1/elections/c2a7b537-b92d-41cc-a4a1-cebc6781a8e0/candidates HTTP/1.1" 201 29181
INFO 2025-12-31 18:28:21,035 log 12820 13036 "GET /api/v1/blockchain/elections/66a738b2-e515-4791-a448-fdf7d5945344/sync HTTP/1.1" 301 0
WARNING 2025-12-31 18:28:21,209 log 12820 13036 "GET /api/v1/blockchain/elections/66a738b2-e515-4791-a448-fdf7d5945344/sync/ HTTP/1.1" 405 25823
INFO 2025-12-31 18:28:31,990 views 12820 13036 Sync election started | election_id = 66a738b2-e515-4791-a448-fdf7d5945344
INFO 2025-12-31 18:28:31,991 services 12820 13036 Initializing BlockchainService...
INFO 2025-12-31 18:28:31,992 services 12820 13036 Connecting to blockchain at http://127.0.0.1:8545...
INFO 2025-12-31 18:28:32,024 services 12820 13036 Connected! Chain ID: 1337, Latest Block: 1
INFO 2025-12-31 18:28:32,051 services 12820 13036 Account loaded: 0x85e75972cfb7665437ca1096B97D740ba1202B71
INFO 2025-12-31 18:28:32,052 services 12820 13036 Account balance: 999.997169154 ETH
INFO 2025-12-31 18:28:32,086 services 12820 13036 Contract loaded at: 0x7aD28e3AbA09D872c4398243119d2D0c7b715DEe
INFO 2025-12-31 18:28:32,087 services 12820 13036 BlockchainService initialized successfully!
INFO 2025-12-31 18:28:32,089 services 12820 13036 Creating election: Nepal Pratinidi Sabha Nirwachan (ID: 66a738b2-e515-4791-a448-fdf7d5945344)
INFO 2025-12-31 18:28:32,236 views 12820 13036 Create election took 0.15s | election_id=66a738b2-e515-4791-a448-fdf7d5945344
INFO 2025-12-31 18:28:32,238 views 12820 13036 Election created on blockchain | election_id=66a738b2-e515-4791-a448-fdf7d5945344 | tx=e869019057a33bfadc45530c2989b70d403455b83cb234075f9fae3a955cabd9
INFO 2025-12-31 18:28:32,250 services 12820 13036 Adding candidate: Balen shah (lauro) to election 66a738b2-e515-4791-a448-fdf7d5945344
DEBUG 2025-12-31 18:28:32,405 views 12820 13036 Adding candidate | candidate_id=99d7aea9-5d8e-44b9-b5be-110db4a0b81f | blockchain_id=1
INFO 2025-12-31 18:28:32,405 services 12820 13036 Adding candidate: KP Oli (UML) to election 66a738b2-e515-4791-a448-fdf7d5945344
DEBUG 2025-12-31 18:28:32,546 views 12820 13036 Adding candidate | candidate_id=dfd78444-a8cb-4e91-b67e-827914ffd17b | blockchain_id=2
INFO 2025-12-31 18:28:32,547 services 12820 13036 Adding candidate: Rabi lamichhane (RSP) to election 66a738b2-e515-4791-a448-fdf7d5945344
DEBUG 2025-12-31 18:28:32,669 views 12820 13036 Adding candidate | candidate_id=ffdbd8ba-5984-4fef-810c-e2ac5d11b521 | blockchain_id=3
INFO 2025-12-31 18:28:32,789 log 12820 13036 "POST /api/v1/blockchain/elections/66a738b2-e515-4791-a448-fdf7d5945344/sync/ HTTP/1.1" 201 27252
INFO 2025-12-31 18:28:33,013 log 12820 13036 "GET /__debug__/history_sidebar/?request_id=4bea6428b1eb4c4bae89c342054f3cf5 HTTP/1.1" 200 10245
INFO 2025-12-31 18:29:19,857 views 12820 13036 Sync election started | election_id = 66a738b2-e515-4791-a448-fdf7d5945344
INFO 2025-12-31 18:29:19,858 services 12820 13036 Creating election: Nepal Pratinidi Sabha Nirwachan (ID: 66a738b2-e515-4791-a448-fdf7d5945344)
ERROR 2025-12-31 18:29:19,942 views 12820 13036 Election creation failed | election_id=66a738b2-e515-4791-a448-fdf7d5945344 | error=Transaction was reverted by the contract
ERROR 2025-12-31 18:29:20,029 log 12820 13036 "POST /api/v1/blockchain/elections/66a738b2-e515-4791-a448-fdf7d5945344/sync/ HTTP/1.1" 500 25915
INFO 2025-12-31 18:29:20,256 log 12820 13036 "GET /__debug__/history_sidebar/?request_id=bfaf31d92a6e4775a7f034a513cf19d8 HTTP/1.1" 200 10245
INFO 2025-12-31 18:29:20,266 log 12820 13036 "GET /__debug__/history_sidebar/?request_id=bfaf31d92a6e4775a7f034a513cf19d8 HTTP/1.1" 200 10245
WARNING 2025-12-31 18:30:13,948 log 12820 13036 "GET /api/v1/blockchain/elections/66a738b2-e515-4791-a448-fdf7d5945344/sync/ HTTP/1.1" 405 25823
INFO 2025-12-31 18:30:20,586 views 12820 13036 Sync election started | election_id = 66a738b2-e515-4791-a448-fdf7d5945344
INFO 2025-12-31 18:30:20,587 services 12820 13036 Creating election: Nepal Pratinidi Sabha Nirwachan (ID: 66a738b2-e515-4791-a448-fdf7d5945344)
ERROR 2025-12-31 18:30:20,672 views 12820 13036 Election creation failed | election_id=66a738b2-e515-4791-a448-fdf7d5945344 | error=Transaction was reverted by the contract
ERROR 2025-12-31 18:30:20,753 log 12820 13036 "POST /api/v1/blockchain/elections/66a738b2-e515-4791-a448-fdf7d5945344/sync/ HTTP/1.1" 500 25915
INFO 2025-12-31 18:30:20,967 log 12820 13036 "GET /__debug__/history_sidebar/?request_id=785b226a9d454c30a90519b4247cd99e HTTP/1.1" 200 10245
INFO 2025-12-31 18:30:38,294 log 12820 13036 "GET /api/v1/blockchain/elections/66a738b2-e515-4791-a448-fdf7d5945344/activate HTTP/1.1" 301 0
WARNING 2025-12-31 18:30:38,432 log 12820 13036 "GET /api/v1/blockchain/elections/66a738b2-e515-4791-a448-fdf7d5945344/activate/ HTTP/1.1" 405 25529
INFO 2025-12-31 18:30:55,661 views 12820 13036 Election status change requested | election_id=66a738b2-e515-4791-a448-fdf7d5945344 | is_active=False
INFO 2025-12-31 18:30:55,662 services 12820 13036 Setting election 66a738b2-e515-4791-a448-fdf7d5945344 to INACTIVE
INFO 2025-12-31 18:30:55,767 views 12820 13036 Election status updated | election_id=66a738b2-e515-4791-a448-fdf7d5945344 | tx=b3a02be5cc78501a0da148ba51ce1d1cf77acfb1871a91d137bd6f45d335935d
INFO 2025-12-31 18:30:55,868 log 12820 13036 "POST /api/v1/blockchain/elections/66a738b2-e515-4791-a448-fdf7d5945344/activate/ HTTP/1.1" 200 25681
INFO 2025-12-31 18:30:56,094 log 12820 13036 "GET /__debug__/history_sidebar/?request_id=f5e920e6534046c4abd3e6ae02469efd HTTP/1.1" 200 10249
INFO 2025-12-31 18:31:16,906 views 12820 13036 Sync election started | election_id = 66a738b2-e515-4791-a448-fdf7d5945344
INFO 2025-12-31 18:31:16,908 services 12820 13036 Creating election: Nepal Pratinidi Sabha Nirwachan (ID: 66a738b2-e515-4791-a448-fdf7d5945344)
ERROR 2025-12-31 18:31:16,983 views 12820 13036 Election creation failed | election_id=66a738b2-e515-4791-a448-fdf7d5945344 | error=Transaction was reverted by the contract
ERROR 2025-12-31 18:31:17,065 log 12820 13036 "POST /api/v1/blockchain/elections/66a738b2-e515-4791-a448-fdf7d5945344/sync/ HTTP/1.1" 500 25915
INFO 2025-12-31 18:31:17,290 log 12820 13036 "GET /__debug__/history_sidebar/?request_id=748a8e1b38e54c7b852a57767c31ba1b HTTP/1.1" 200 10245
INFO 2025-12-31 18:31:17,303 log 12820 13036 "GET /__debug__/history_sidebar/?request_id=748a8e1b38e54c7b852a57767c31ba1b HTTP/1.1" 200 10245
INFO 2025-12-31 18:31:17,319 log 12820 13036 "GET /__debug__/history_sidebar/?request_id=748a8e1b38e54c7b852a57767c31ba1b HTTP/1.1" 200 10245
INFO 2025-12-31 18:34:22,035 log 12820 13036 "GET /api/v1/blockchain/status HTTP/1.1" 301 0
INFO 2025-12-31 18:34:22,118 views 12820 13036 Blockchain status check requested.
DEBUG 2025-12-31 18:34:22,167 views 12820 13036 Blockchain status data: {'connected': True, 'provider_url': 'http://127.0.0.1:8545', 'chain_id': 1337, 'latest_block': 9, 'account_address': '0x85e75972cfb7665437ca1096B97D740ba1202B71', 'contract_loaded': True, 'contract_address': '0x7aD28e3AbA09D872c4398243119d2D0c7b715DEe'}
INFO 2025-12-31 18:34:22,229 log 12820 13036 "GET /api/v1/blockchain/status/ HTTP/1.1" 200 25421
INFO 2025-12-31 18:40:04,383 autoreload 12820 16148 C:\Users\HP\Desktop\DjangoApp\matdan\matdan\settings.py changed, reloading.
INFO 2025-12-31 18:40:05,312 autoreload 10452 8044 Watching for file changes with StatReloader
INFO 2025-12-31 18:40:06,163 views 10452 8044 Election can be created by superuser or admin only.
INFO 2025-12-31 18:40:06,164 views 10452 8044 Update attempts by Admin user
INFO 2025-12-31 18:40:08,150 autoreload 10452 8044 C:\Users\HP\Desktop\DjangoApp\matdan\matdan\settings.py changed, reloading.
INFO 2025-12-31 18:41:21,148 autoreload 14556 11788 Watching for file changes with StatReloader
INFO 2025-12-31 18:42:23,348 autoreload 14556 11788 C:\Users\HP\Desktop\DjangoApp\matdan\elections\views.py changed, reloading.
INFO 2025-12-31 18:42:24,141 autoreload 13752 7376 Watching for file changes with StatReloader
INFO 2025-12-31 18:42:30,198 autoreload 13752 7376 C:\Users\HP\Desktop\DjangoApp\matdan\elections\views.py changed, reloading.
INFO 2025-12-31 18:42:31,001 autoreload 3856 13304 Watching for file changes with StatReloader
WARNING 2025-12-31 18:43:11,173 log 3856 15888 "GET / HTTP/1.1" 404 16546
INFO 2025-12-31 18:43:23,223 log 3856 15888 "POST /api/v1/elections/c2a7b537-b92d-41cc-a4a1-cebc6781a8e0/candidates HTTP/1.1" 201 29182
INFO 2025-12-31 18:51:57,418 autoreload 3856 13304 C:\Users\HP\Desktop\DjangoApp\matdan\matdan\settings.py changed, reloading.
INFO 2025-12-31 18:52:27,158 autoreload 1948 1304 Watching for file changes with StatReloader
INFO 2025-12-31 19:00:47,624 log 1948 9892 "POST /api/v1/elections/c2a7b537-b92d-41cc-a4a1-cebc6781a8e0/candidates HTTP/1.1" 201 29182
INFO 2025-12-31 19:06:05,577 autoreload 1948 1304 C:\Users\HP\Desktop\DjangoApp\matdan\elections\views.py changed, reloading.
INFO 2025-12-31 19:06:06,460 autoreload 11584 5304 Watching for file changes with StatReloader
INFO 2025-12-31 19:06:15,454 autoreload 11584 5304 C:\Users\HP\Desktop\DjangoApp\matdan\elections\views.py changed, reloading.
INFO 2025-12-31 19:06:16,333 autoreload 16676 5128 Watching for file changes with StatReloader
INFO 2025-12-31 19:06:20,888 autoreload 16676 5128 C:\Users\HP\Desktop\DjangoApp\matdan\elections\views.py changed, reloading.
INFO 2025-12-31 19:06:21,734 autoreload 8996 12764 Watching for file changes with StatReloader
INFO 2025-12-31 19:06:24,160 autoreload 8996 12764 C:\Users\HP\Desktop\DjangoApp\matdan\elections\views.py changed, reloading.
INFO 2025-12-31 19:06:25,014 autoreload 4608 11752 Watching for file changes with StatReloader
INFO 2025-12-31 19:06:33,266 autoreload 4608 11752 C:\Users\HP\Desktop\DjangoApp\matdan\elections\views.py changed, reloading.
INFO 2025-12-31 19:06:34,194 autoreload 16536 5688 Watching for file changes with StatReloader
INFO 2025-12-31 19:06:39,259 autoreload 16536 5688 C:\Users\HP\Desktop\DjangoApp\matdan\elections\views.py changed, reloading.
INFO 2025-12-31 19:06:40,271 autoreload 13876 16404 Watching for file changes with StatReloader
INFO 2025-12-31 19:06:45,990 autoreload 13876 16404 C:\Users\HP\Desktop\DjangoApp\matdan\elections\views.py changed, reloading.
INFO 2025-12-31 19:06:46,809 autoreload 6160 13684 Watching for file changes with StatReloader
INFO 2025-12-31 19:06:54,094 autoreload 6160 13684 C:\Users\HP\Desktop\DjangoApp\matdan\elections\views.py changed, reloading.
INFO 2025-12-31 19:06:55,067 autoreload 4548 7848 Watching for file changes with StatReloader
INFO 2025-12-31 19:06:57,854 autoreload 4548 7848 C:\Users\HP\Desktop\DjangoApp\matdan\elections\views.py changed, reloading.
INFO 2025-12-31 19:06:58,727 autoreload 1168 11700 Watching for file changes with StatReloader
INFO 2025-12-31 19:07:01,487 autoreload 1168 11700 C:\Users\HP\Desktop\DjangoApp\matdan\elections\views.py changed, reloading.
INFO 2025-12-31 19:07:02,307 autoreload 8812 17244 Watching for file changes with StatReloader
INFO 2025-12-31 19:07:17,215 autoreload 8812 17244 C:\Users\HP\Desktop\DjangoApp\matdan\elections\views.py changed, reloading.
INFO 2025-12-31 19:07:18,260 autoreload 14120 16592 Watching for file changes with StatReloader
INFO 2025-12-31 19:07:24,278 autoreload 14120 16592 C:\Users\HP\Desktop\DjangoApp\matdan\elections\views.py changed, reloading.
INFO 2025-12-31 19:07:25,140 autoreload 3356 15696 Watching for file changes with StatReloader
INFO 2025-12-31 19:07:27,931 autoreload 3356 15696 C:\Users\HP\Desktop\DjangoApp\matdan\elections\views.py changed, reloading.
INFO 2025-12-31 19:07:28,818 autoreload 12056 11456 Watching for file changes with StatReloader
INFO 2025-12-31 19:08:16,725 autoreload 12056 11456 C:\Users\HP\Desktop\DjangoApp\matdan\elections\serializers.py changed, reloading.
INFO 2025-12-31 19:08:17,566 autoreload 15424 1788 Watching for file changes with StatReloader
INFO 2025-12-31 19:08:19,841 autoreload 15424 1788 C:\Users\HP\Desktop\DjangoApp\matdan\elections\serializers.py changed, reloading.
INFO 2025-12-31 19:08:20,693 autoreload 13012 13240 Watching for file changes with StatReloader
INFO 2025-12-31 19:08:24,459 autoreload 13012 13240 C:\Users\HP\Desktop\DjangoApp\matdan\elections\serializers.py changed, reloading.
INFO 2025-12-31 19:08:25,314 autoreload 12744 15500 Watching for file changes with StatReloader
INFO 2025-12-31 19:08:29,840 autoreload 12744 15500 C:\Users\HP\Desktop\DjangoApp\matdan\elections\serializers.py changed, reloading.
INFO 2025-12-31 19:08:30,570 autoreload 17028 17296 Watching for file changes with StatReloader
INFO 2025-12-31 19:08:33,154 autoreload 17028 17296 C:\Users\HP\Desktop\DjangoApp\matdan\elections\serializers.py changed, reloading.
INFO 2025-12-31 19:08:34,066 autoreload 9864 17204 Watching for file changes with StatReloader
INFO 2025-12-31 19:08:48,379 autoreload 9864 17204 C:\Users\HP\Desktop\DjangoApp\matdan\elections\serializers.py changed, reloading.
INFO 2025-12-31 19:08:49,147 autoreload 12232 3420 Watching for file changes with StatReloader
INFO 2025-12-31 19:08:52,949 autoreload 12232 3420 C:\Users\HP\Desktop\DjangoApp\matdan\elections\serializers.py changed, reloading.
INFO 2025-12-31 19:08:53,756 autoreload 17376 13132 Watching for file changes with StatReloader
INFO 2025-12-31 19:09:08,019 autoreload 17376 13132 C:\Users\HP\Desktop\DjangoApp\matdan\elections\serializers.py changed, reloading.
INFO 2025-12-31 19:09:08,862 autoreload 17388 17172 Watching for file changes with StatReloader
INFO 2025-12-31 19:09:11,769 autoreload 17388 17172 C:\Users\HP\Desktop\DjangoApp\matdan\elections\serializers.py changed, reloading.
INFO 2025-12-31 19:09:12,620 autoreload 8748 13560 Watching for file changes with StatReloader
INFO 2025-12-31 19:09:16,503 autoreload 8748 13560 C:\Users\HP\Desktop\DjangoApp\matdan\elections\serializers.py changed, reloading.
INFO 2025-12-31 19:09:17,384 autoreload 10200 13692 Watching for file changes with StatReloader
INFO 2025-12-31 19:09:33,871 log 10200 15764 "POST /api/v1/elections/c2a7b537-b92d-41cc-a4a1-cebc6781a8e0/candidates HTTP/1.1" 201 29182
INFO 2025-12-31 19:10:49,295 autoreload 10200 13692 C:\Users\HP\Desktop\DjangoApp\matdan\elections\views.py changed, reloading.
INFO 2025-12-31 19:10:50,341 autoreload 1736 16488 Watching for file changes with StatReloader
INFO 2025-12-31 19:10:56,574 autoreload 1736 16488 C:\Users\HP\Desktop\DjangoApp\matdan\elections\views.py changed, reloading.
INFO 2025-12-31 19:10:57,437 autoreload 11836 3520 Watching for file changes with StatReloader
INFO 2025-12-31 22:58:08,954 autoreload 9032 11948 Watching for file changes with StatReloader
INFO 2025-12-31 22:58:33,198 autoreload 9032 11948 C:\Users\HP\Desktop\DjangoApp\matdan\voting\views.py changed, reloading.
INFO 2025-12-31 22:58:33,938 autoreload 10340 7352 Watching for file changes with StatReloader
INFO 2025-12-31 23:37:41,535 autoreload 2560 17336 Watching for file changes with StatReloader
WARNING 2025-12-31 23:37:45,483 log 2560 13240 "GET / HTTP/1.1" 404 16546
WARNING 2025-12-31 23:38:14,857 log 2560 13240 "GET /api/v1/accounts HTTP/1.1" 404 17469
INFO 2025-12-31 23:38:43,058 log 2560 13240 "GET /api/v1/accounts/register HTTP/1.1" 301 0
WARNING 2025-12-31 23:38:43,820 log 2560 13240 "GET /api/v1/accounts/register/ HTTP/1.1" 403 22909
INFO 2025-12-31 23:38:53,601 log 2560 13240 "POST /api-auth/logout/?next=/api/v1/accounts/register/ HTTP/1.1" 302 0
WARNING 2025-12-31 23:38:53,760 log 2560 13240 "GET /api/v1/accounts/register/ HTTP/1.1" 405 27297
INFO 2025-12-31 23:40:32,095 log 2560 13240 "POST /api/v1/accounts/register/ HTTP/1.1" 201 27498
INFO 2025-12-31 23:41:12,247 log 2560 13240 "GET /api/v1/elections/ HTTP/1.1" 200 28074
WARNING 2025-12-31 23:41:53,984 log 2560 13240 "GET /api/v1/elections/c2a7b537-b92d-41cc-a4a1-cebc6781a8e0/camdidates HTTP/1.1" 404 20532
INFO 2025-12-31 23:42:02,739 log 2560 13240 "GET /api/v1/elections/c2a7b537-b92d-41cc-a4a1-cebc6781a8e0/candidates HTTP/1.1" 200 26698
INFO 2025-12-31 23:43:22,159 log 2560 13240 "GET /api/v1/blockchain/elections/c2a7b537-b92d-41cc-a4a1-cebc6781a8e0/sync HTTP/1.1" 301 0
WARNING 2025-12-31 23:43:22,183 log 2560 13240 "GET /api/v1/blockchain/elections/c2a7b537-b92d-41cc-a4a1-cebc6781a8e0/sync/ HTTP/1.1" 403 22584
INFO 2025-12-31 23:43:27,606 log 2560 13240 "GET /api-auth/login/?next=/api/v1/blockchain/elections/c2a7b537-b92d-41cc-a4a1-cebc6781a8e0/sync/ HTTP/1.1" 200 16662
INFO 2025-12-31 23:43:41,740 log 2560 13240 "POST /api-auth/login/ HTTP/1.1" 302 0
WARNING 2025-12-31 23:43:41,825 log 2560 13240 "GET /api/v1/blockchain/elections/c2a7b537-b92d-41cc-a4a1-cebc6781a8e0/sync/ HTTP/1.1" 405 25821
INFO 2025-12-31 23:44:01,466 log 2560 13240 "POST /api/v1/blockchain/elections/c2a7b537-b92d-41cc-a4a1-cebc6781a8e0/sync/ HTTP/1.1" 201 28227
INFO 2025-12-31 23:44:01,691 log 2560 13240 "GET /__debug__/history_sidebar/?request_id=4ce1813252c54561bccc965c3d05ee46 HTTP/1.1" 200 10246
INFO 2025-12-31 23:45:10,850 log 2560 13240 "GET /api/v1/blockchain/elections/c2a7b537-b92d-41cc-a4a1-cebc6781a8e0/activate HTTP/1.1" 301 0
WARNING 2025-12-31 23:45:10,931 log 2560 13240 "GET /api/v1/blockchain/elections/c2a7b537-b92d-41cc-a4a1-cebc6781a8e0/activate/ HTTP/1.1" 405 25528
INFO 2025-12-31 23:45:34,161 log 2560 13240 "POST /api/v1/blockchain/elections/c2a7b537-b92d-41cc-a4a1-cebc6781a8e0/activate/ HTTP/1.1" 200 25679
INFO 2025-12-31 23:45:34,383 log 2560 13240 "GET /__debug__/history_sidebar/?request_id=e567ab1f3fd546f68ffeac1690bbb5c8 HTTP/1.1" 200 10249
INFO 2025-12-31 23:46:42,422 log 2560 13240 "GET /api/v1/votes/c2a7b537-b92d-41cc-a4a1-cebc6781a8e0/vote HTTP/1.1" 301 0
INFO 2025-12-31 23:46:42,753 log 2560 13240 "GET /api/v1/votes/c2a7b537-b92d-41cc-a4a1-cebc6781a8e0/vote/ HTTP/1.1" 200 29037
WARNING 2025-12-31 23:46:59,763 log 2560 13240 "POST /api/v1/votes/c2a7b537-b92d-41cc-a4a1-cebc6781a8e0/vote/ HTTP/1.1" 403 24777
INFO 2025-12-31 23:48:53,872 log 2560 13240 "GET /api/v1/elections HTTP/1.1" 301 0
INFO 2025-12-31 23:48:54,129 log 2560 13240 "GET /api/v1/elections/ HTTP/1.1" 200 32720
INFO 2025-12-31 23:49:34,255 log 2560 13240 "GET /api/v1/votes/66a738b2-e515-4791-a448-fdf7d5945344/results HTTP/1.1" 301 0
INFO 2025-12-31 23:49:34,384 log 2560 13240 "GET /api/v1/votes/66a738b2-e515-4791-a448-fdf7d5945344/results/ HTTP/1.1" 200 25810
INFO 2025-12-31 23:50:34,397 log 2560 13240 "GET /api/v1/blockchain/elections/66a738b2-e515-4791-a448-fdf7d5945344/results/ HTTP/1.1" 200 26736
INFO 2026-01-01 00:01:42,422 autoreload 1552 14744 Watching for file changes with StatReloader
INFO 2026-01-01 00:02:23,492 log 1552 9796 "GET /api/v1/elections/66a738b2-e515-4791-a448-fdf7d5945344/candidates HTTP/1.1" 200 29995
WARNING 2026-01-01 00:02:43,179 log 1552 9796 "POST /api/v1/elections/66a738b2-e515-4791-a448-fdf7d5945344/candidates HTTP/1.1" 400 29058
INFO 2026-01-01 00:02:57,620 log 1552 9796 "GET /api/v1/elections/66a738b2-e515-4791-a448-fdf7d5945344/candidates HTTP/1.1" 200 29994
INFO 2026-01-01 00:20:30,515 autoreload 11352 16980 Watching for file changes with StatReloader
INFO 2026-01-01 00:20:44,908 log 11352 17936 "GET /api/v1/elections/66a738b2-e515-4791-a448-fdf7d5945344/candidates HTTP/1.1" 200 29995
WARNING 2026-01-01 00:20:59,356 log 11352 17936 "POST /api/v1/elections/66a738b2-e515-4791-a448-fdf7d5945344/candidates HTTP/1.1" 400 29058
INFO 2026-01-01 00:21:48,920 log 11352 17936 "GET /api/v1/elections/66a738b2-e515-4791-a448-fdf7d5945344/candidates HTTP/1.1" 200 29994
WARNING 2026-01-01 00:24:38,320 log 11352 5636 "POST /api/v1/elections/66a738b2-e515-4791-a448-fdf7d5945344/candidates HTTP/1.1" 400 29058
INFO 2026-01-01 00:31:04,363 autoreload 11352 16980 C:\Users\HP\Desktop\DjangoApp\matdan\elections\serializers.py changed, reloading.
INFO 2026-01-01 00:31:05,247 autoreload 17864 16536 Watching for file changes with StatReloader
INFO 2026-01-01 00:31:07,773 autoreload 17864 16536 C:\Users\HP\Desktop\DjangoApp\matdan\elections\serializers.py changed, reloading.
INFO 2026-01-01 00:31:08,555 autoreload 10452 17224 Watching for file changes with StatReloader
INFO 2026-01-01 00:31:12,097 autoreload 10452 17224 C:\Users\HP\Desktop\DjangoApp\matdan\elections\serializers.py changed, reloading.
INFO 2026-01-01 00:31:12,886 autoreload 16848 16908 Watching for file changes with StatReloader
INFO 2026-01-01 00:31:18,655 autoreload 16848 16908 C:\Users\HP\Desktop\DjangoApp\matdan\elections\serializers.py changed, reloading.
INFO 2026-01-01 00:31:19,433 autoreload 3008 7136 Watching for file changes with StatReloader
INFO 2026-01-01 00:31:41,438 autoreload 3008 7136 C:\Users\HP\Desktop\DjangoApp\matdan\elections\serializers.py changed, reloading.
INFO 2026-01-01 00:31:42,179 autoreload 11760 18100 Watching for file changes with StatReloader
INFO 2026-01-01 00:31:49,166 autoreload 11760 18100 C:\Users\HP\Desktop\DjangoApp\matdan\elections\serializers.py changed, reloading.
INFO 2026-01-01 00:31:49,914 autoreload 8888 8504 Watching for file changes with StatReloader
INFO 2026-01-01 00:32:07,790 log 8888 16848 "POST /api/v1/elections/66a738b2-e515-4791-a448-fdf7d5945344/candidates HTTP/1.1" 201 29177
INFO 2026-01-01 00:32:23,318 log 8888 16848 "GET /api/v1/elections/66a738b2-e515-4791-a448-fdf7d5945344/candidates HTTP/1.1" 200 30317
